<?xml version="1.0" encoding="UTF-8"?>
<testsuite xmlns:xsi="http://www.w3.org/2001/XMLSchema-instance" xsi:noNamespaceSchemaLocation="https://maven.apache.org/surefire/maven-surefire-plugin/xsd/surefire-test-report.xsd" name="com.udacity.jdnd.course3.critter.CritterFunctionalTest" time="3.626" tests="9" errors="0" skipped="0" failures="0">
  <properties>
    <property name="gopherProxySet" value="false"/>
    <property name="awt.toolkit" value="sun.lwawt.macosx.LWCToolkit"/>
    <property name="java.specification.version" value="11"/>
    <property name="sun.cpu.isalist" value=""/>
    <property name="sun.jnu.encoding" value="UTF-8"/>
    <property name="java.class.path" value="/Users/oenriquez/Workspace/udacity/java/critter/target/test-classes:/Users/oenriquez/Workspace/udacity/java/critter/target/classes:/Users/oenriquez/.m2/raptor2/org/springframework/boot/spring-boot-starter-data-jdbc/2.3.3.RELEASE/spring-boot-starter-data-jdbc-2.3.3.RELEASE.jar:/Users/oenriquez/.m2/raptor2/org/springframework/boot/spring-boot-starter-jdbc/2.3.3.RELEASE/spring-boot-starter-jdbc-2.3.3.RELEASE.jar:/Users/oenriquez/.m2/raptor2/com/zaxxer/HikariCP/3.4.5/HikariCP-3.4.5.jar:/Users/oenriquez/.m2/raptor2/org/springframework/spring-jdbc/5.2.8.RELEASE/spring-jdbc-5.2.8.RELEASE.jar:/Users/oenriquez/.m2/raptor2/org/springframework/data/spring-data-jdbc/2.0.3.RELEASE/spring-data-jdbc-2.0.3.RELEASE.jar:/Users/oenriquez/.m2/raptor2/org/springframework/data/spring-data-relational/2.0.3.RELEASE/spring-data-relational-2.0.3.RELEASE.jar:/Users/oenriquez/.m2/raptor2/org/springframework/data/spring-data-commons/2.3.3.RELEASE/spring-data-commons-2.3.3.RELEASE.jar:/Users/oenriquez/.m2/raptor2/org/springframework/spring-tx/5.2.8.RELEASE/spring-tx-5.2.8.RELEASE.jar:/Users/oenriquez/.m2/raptor2/org/springframework/spring-context/5.2.8.RELEASE/spring-context-5.2.8.RELEASE.jar:/Users/oenriquez/.m2/raptor2/org/springframework/spring-beans/5.2.8.RELEASE/spring-beans-5.2.8.RELEASE.jar:/Users/oenriquez/.m2/raptor2/org/springframework/boot/spring-boot-starter-data-jpa/2.3.3.RELEASE/spring-boot-starter-data-jpa-2.3.3.RELEASE.jar:/Users/oenriquez/.m2/raptor2/org/springframework/boot/spring-boot-starter-aop/2.3.3.RELEASE/spring-boot-starter-aop-2.3.3.RELEASE.jar:/Users/oenriquez/.m2/raptor2/org/springframework/spring-aop/5.2.8.RELEASE/spring-aop-5.2.8.RELEASE.jar:/Users/oenriquez/.m2/raptor2/org/aspectj/aspectjweaver/1.9.6/aspectjweaver-1.9.6.jar:/Users/oenriquez/.m2/raptor2/jakarta/transaction/jakarta.transaction-api/1.3.3/jakarta.transaction-api-1.3.3.jar:/Users/oenriquez/.m2/raptor2/jakarta/persistence/jakarta.persistence-api/2.2.3/jakarta.persistence-api-2.2.3.jar:/Users/oenriquez/.m2/raptor2/org/hibernate/hibernate-core/5.4.20.Final/hibernate-core-5.4.20.Final.jar:/Users/oenriquez/.m2/raptor2/org/jboss/logging/jboss-logging/3.4.1.Final/jboss-logging-3.4.1.Final.jar:/Users/oenriquez/.m2/raptor2/net/bytebuddy/byte-buddy/1.10.14/byte-buddy-1.10.14.jar:/Users/oenriquez/.m2/raptor2/antlr/antlr/2.7.7/antlr-2.7.7.jar:/Users/oenriquez/.m2/raptor2/org/jboss/jandex/2.1.3.Final/jandex-2.1.3.Final.jar:/Users/oenriquez/.m2/raptor2/com/fasterxml/classmate/1.5.1/classmate-1.5.1.jar:/Users/oenriquez/.m2/raptor2/org/dom4j/dom4j/2.1.3/dom4j-2.1.3.jar:/Users/oenriquez/.m2/raptor2/org/hibernate/common/hibernate-commons-annotations/5.1.0.Final/hibernate-commons-annotations-5.1.0.Final.jar:/Users/oenriquez/.m2/raptor2/org/glassfish/jaxb/jaxb-runtime/2.3.3/jaxb-runtime-2.3.3.jar:/Users/oenriquez/.m2/raptor2/org/glassfish/jaxb/txw2/2.3.3/txw2-2.3.3.jar:/Users/oenriquez/.m2/raptor2/com/sun/istack/istack-commons-runtime/3.0.11/istack-commons-runtime-3.0.11.jar:/Users/oenriquez/.m2/raptor2/com/sun/activation/jakarta.activation/1.2.2/jakarta.activation-1.2.2.jar:/Users/oenriquez/.m2/raptor2/org/springframework/data/spring-data-jpa/2.3.3.RELEASE/spring-data-jpa-2.3.3.RELEASE.jar:/Users/oenriquez/.m2/raptor2/org/springframework/spring-orm/5.2.8.RELEASE/spring-orm-5.2.8.RELEASE.jar:/Users/oenriquez/.m2/raptor2/org/springframework/spring-aspects/5.2.8.RELEASE/spring-aspects-5.2.8.RELEASE.jar:/Users/oenriquez/.m2/raptor2/org/springframework/boot/spring-boot-starter-web/2.3.3.RELEASE/spring-boot-starter-web-2.3.3.RELEASE.jar:/Users/oenriquez/.m2/raptor2/org/springframework/boot/spring-boot-starter/2.3.3.RELEASE/spring-boot-starter-2.3.3.RELEASE.jar:/Users/oenriquez/.m2/raptor2/org/springframework/boot/spring-boot/2.3.3.RELEASE/spring-boot-2.3.3.RELEASE.jar:/Users/oenriquez/.m2/raptor2/org/springframework/boot/spring-boot-autoconfigure/2.3.3.RELEASE/spring-boot-autoconfigure-2.3.3.RELEASE.jar:/Users/oenriquez/.m2/raptor2/org/springframework/boot/spring-boot-starter-logging/2.3.3.RELEASE/spring-boot-starter-logging-2.3.3.RELEASE.jar:/Users/oenriquez/.m2/raptor2/ch/qos/logback/logback-classic/1.2.3/logback-classic-1.2.3.jar:/Users/oenriquez/.m2/raptor2/ch/qos/logback/logback-core/1.2.3/logback-core-1.2.3.jar:/Users/oenriquez/.m2/raptor2/org/apache/logging/log4j/log4j-to-slf4j/2.13.3/log4j-to-slf4j-2.13.3.jar:/Users/oenriquez/.m2/raptor2/org/apache/logging/log4j/log4j-api/2.13.3/log4j-api-2.13.3.jar:/Users/oenriquez/.m2/raptor2/org/slf4j/jul-to-slf4j/1.7.30/jul-to-slf4j-1.7.30.jar:/Users/oenriquez/.m2/raptor2/jakarta/annotation/jakarta.annotation-api/1.3.5/jakarta.annotation-api-1.3.5.jar:/Users/oenriquez/.m2/raptor2/org/yaml/snakeyaml/1.26/snakeyaml-1.26.jar:/Users/oenriquez/.m2/raptor2/org/springframework/boot/spring-boot-starter-json/2.3.3.RELEASE/spring-boot-starter-json-2.3.3.RELEASE.jar:/Users/oenriquez/.m2/raptor2/com/fasterxml/jackson/core/jackson-databind/2.11.2/jackson-databind-2.11.2.jar:/Users/oenriquez/.m2/raptor2/com/fasterxml/jackson/core/jackson-annotations/2.11.2/jackson-annotations-2.11.2.jar:/Users/oenriquez/.m2/raptor2/com/fasterxml/jackson/core/jackson-core/2.11.2/jackson-core-2.11.2.jar:/Users/oenriquez/.m2/raptor2/com/fasterxml/jackson/datatype/jackson-datatype-jdk8/2.11.2/jackson-datatype-jdk8-2.11.2.jar:/Users/oenriquez/.m2/raptor2/com/fasterxml/jackson/datatype/jackson-datatype-jsr310/2.11.2/jackson-datatype-jsr310-2.11.2.jar:/Users/oenriquez/.m2/raptor2/com/fasterxml/jackson/module/jackson-module-parameter-names/2.11.2/jackson-module-parameter-names-2.11.2.jar:/Users/oenriquez/.m2/raptor2/org/springframework/boot/spring-boot-starter-tomcat/2.3.3.RELEASE/spring-boot-starter-tomcat-2.3.3.RELEASE.jar:/Users/oenriquez/.m2/raptor2/org/apache/tomcat/embed/tomcat-embed-core/9.0.37/tomcat-embed-core-9.0.37.jar:/Users/oenriquez/.m2/raptor2/org/glassfish/jakarta.el/3.0.3/jakarta.el-3.0.3.jar:/Users/oenriquez/.m2/raptor2/org/apache/tomcat/embed/tomcat-embed-websocket/9.0.37/tomcat-embed-websocket-9.0.37.jar:/Users/oenriquez/.m2/raptor2/org/springframework/spring-web/5.2.8.RELEASE/spring-web-5.2.8.RELEASE.jar:/Users/oenriquez/.m2/raptor2/org/springframework/spring-webmvc/5.2.8.RELEASE/spring-webmvc-5.2.8.RELEASE.jar:/Users/oenriquez/.m2/raptor2/org/springframework/spring-expression/5.2.8.RELEASE/spring-expression-5.2.8.RELEASE.jar:/Users/oenriquez/.m2/raptor2/mysql/mysql-connector-java/8.0.21/mysql-connector-java-8.0.21.jar:/Users/oenriquez/.m2/raptor2/com/google/guava/guava/28.1-jre/guava-28.1-jre.jar:/Users/oenriquez/.m2/raptor2/com/google/guava/failureaccess/1.0.1/failureaccess-1.0.1.jar:/Users/oenriquez/.m2/raptor2/com/google/guava/listenablefuture/9999.0-empty-to-avoid-conflict-with-guava/listenablefuture-9999.0-empty-to-avoid-conflict-with-guava.jar:/Users/oenriquez/.m2/raptor2/com/google/code/findbugs/jsr305/3.0.2/jsr305-3.0.2.jar:/Users/oenriquez/.m2/raptor2/org/checkerframework/checker-qual/2.8.1/checker-qual-2.8.1.jar:/Users/oenriquez/.m2/raptor2/com/google/errorprone/error_prone_annotations/2.3.2/error_prone_annotations-2.3.2.jar:/Users/oenriquez/.m2/raptor2/com/google/j2objc/j2objc-annotations/1.3/j2objc-annotations-1.3.jar:/Users/oenriquez/.m2/raptor2/org/codehaus/mojo/animal-sniffer-annotations/1.18/animal-sniffer-annotations-1.18.jar:/Users/oenriquez/.m2/raptor2/org/springframework/boot/spring-boot-starter-test/2.3.3.RELEASE/spring-boot-starter-test-2.3.3.RELEASE.jar:/Users/oenriquez/.m2/raptor2/org/springframework/boot/spring-boot-test/2.3.3.RELEASE/spring-boot-test-2.3.3.RELEASE.jar:/Users/oenriquez/.m2/raptor2/org/springframework/boot/spring-boot-test-autoconfigure/2.3.3.RELEASE/spring-boot-test-autoconfigure-2.3.3.RELEASE.jar:/Users/oenriquez/.m2/raptor2/com/jayway/jsonpath/json-path/2.4.0/json-path-2.4.0.jar:/Users/oenriquez/.m2/raptor2/net/minidev/json-smart/2.3/json-smart-2.3.jar:/Users/oenriquez/.m2/raptor2/net/minidev/accessors-smart/1.2/accessors-smart-1.2.jar:/Users/oenriquez/.m2/raptor2/org/ow2/asm/asm/5.0.4/asm-5.0.4.jar:/Users/oenriquez/.m2/raptor2/jakarta/xml/bind/jakarta.xml.bind-api/2.3.3/jakarta.xml.bind-api-2.3.3.jar:/Users/oenriquez/.m2/raptor2/jakarta/activation/jakarta.activation-api/1.2.2/jakarta.activation-api-1.2.2.jar:/Users/oenriquez/.m2/raptor2/org/assertj/assertj-core/3.16.1/assertj-core-3.16.1.jar:/Users/oenriquez/.m2/raptor2/org/hamcrest/hamcrest/2.2/hamcrest-2.2.jar:/Users/oenriquez/.m2/raptor2/org/junit/jupiter/junit-jupiter/5.6.2/junit-jupiter-5.6.2.jar:/Users/oenriquez/.m2/raptor2/org/junit/jupiter/junit-jupiter-api/5.6.2/junit-jupiter-api-5.6.2.jar:/Users/oenriquez/.m2/raptor2/org/opentest4j/opentest4j/1.2.0/opentest4j-1.2.0.jar:/Users/oenriquez/.m2/raptor2/org/junit/platform/junit-platform-commons/1.6.2/junit-platform-commons-1.6.2.jar:/Users/oenriquez/.m2/raptor2/org/junit/jupiter/junit-jupiter-params/5.6.2/junit-jupiter-params-5.6.2.jar:/Users/oenriquez/.m2/raptor2/org/junit/jupiter/junit-jupiter-engine/5.6.2/junit-jupiter-engine-5.6.2.jar:/Users/oenriquez/.m2/raptor2/org/junit/vintage/junit-vintage-engine/5.6.2/junit-vintage-engine-5.6.2.jar:/Users/oenriquez/.m2/raptor2/org/apiguardian/apiguardian-api/1.1.0/apiguardian-api-1.1.0.jar:/Users/oenriquez/.m2/raptor2/org/junit/platform/junit-platform-engine/1.6.2/junit-platform-engine-1.6.2.jar:/Users/oenriquez/.m2/raptor2/junit/junit/4.13/junit-4.13.jar:/Users/oenriquez/.m2/raptor2/org/mockito/mockito-core/3.3.3/mockito-core-3.3.3.jar:/Users/oenriquez/.m2/raptor2/net/bytebuddy/byte-buddy-agent/1.10.14/byte-buddy-agent-1.10.14.jar:/Users/oenriquez/.m2/raptor2/org/objenesis/objenesis/2.6/objenesis-2.6.jar:/Users/oenriquez/.m2/raptor2/org/mockito/mockito-junit-jupiter/3.3.3/mockito-junit-jupiter-3.3.3.jar:/Users/oenriquez/.m2/raptor2/org/skyscreamer/jsonassert/1.5.0/jsonassert-1.5.0.jar:/Users/oenriquez/.m2/raptor2/com/vaadin/external/google/android-json/0.0.20131108.vaadin1/android-json-0.0.20131108.vaadin1.jar:/Users/oenriquez/.m2/raptor2/org/springframework/spring-core/5.2.8.RELEASE/spring-core-5.2.8.RELEASE.jar:/Users/oenriquez/.m2/raptor2/org/springframework/spring-jcl/5.2.8.RELEASE/spring-jcl-5.2.8.RELEASE.jar:/Users/oenriquez/.m2/raptor2/org/springframework/spring-test/5.2.8.RELEASE/spring-test-5.2.8.RELEASE.jar:/Users/oenriquez/.m2/raptor2/org/xmlunit/xmlunit-core/2.7.0/xmlunit-core-2.7.0.jar:/Users/oenriquez/.m2/raptor2/com/h2database/h2/1.4.200/h2-1.4.200.jar:/Users/oenriquez/.m2/raptor2/ma/glasnost/orika/orika-core/1.4.6/orika-core-1.4.6.jar:/Users/oenriquez/.m2/raptor2/org/javassist/javassist/3.19.0-GA/javassist-3.19.0-GA.jar:/Users/oenriquez/.m2/raptor2/com/thoughtworks/paranamer/paranamer/2.7/paranamer-2.7.jar:/Users/oenriquez/.m2/raptor2/org/slf4j/slf4j-api/1.7.30/slf4j-api-1.7.30.jar:/Users/oenriquez/.m2/raptor2/com/googlecode/concurrentlinkedhashmap/concurrentlinkedhashmap-lru/1.2_jdk5/concurrentlinkedhashmap-lru-1.2_jdk5.jar:/Users/oenriquez/.m2/raptor2/com/carrotsearch/java-sizeof/0.0.4/java-sizeof-0.0.4.jar:"/>
    <property name="java.vm.vendor" value="Amazon.com Inc."/>
    <property name="sun.arch.data.model" value="64"/>
    <property name="java.vendor.url" value="https://aws.amazon.com/corretto/"/>
    <property name="user.timezone" value=""/>
    <property name="java.vm.specification.version" value="11"/>
    <property name="os.name" value="Mac OS X"/>
    <property name="sun.java.launcher" value="SUN_STANDARD"/>
    <property name="user.country" value="US"/>
    <property name="sun.boot.library.path" value="/Users/oenriquez/.sdkman/candidates/java/11.0.8-amzn/lib"/>
    <property name="sun.java.command" value="/Users/oenriquez/Workspace/udacity/java/critter/target/surefire/surefirebooter13210317762864905345.jar /Users/oenriquez/Workspace/udacity/java/critter/target/surefire 2020-10-05T22-39-08_460-jvmRun1 surefire17311885602880580454tmp surefire_010313830304568094992tmp"/>
    <property name="jdk.debug" value="release"/>
    <property name="surefire.test.class.path" value="/Users/oenriquez/Workspace/udacity/java/critter/target/test-classes:/Users/oenriquez/Workspace/udacity/java/critter/target/classes:/Users/oenriquez/.m2/raptor2/org/springframework/boot/spring-boot-starter-data-jdbc/2.3.3.RELEASE/spring-boot-starter-data-jdbc-2.3.3.RELEASE.jar:/Users/oenriquez/.m2/raptor2/org/springframework/boot/spring-boot-starter-jdbc/2.3.3.RELEASE/spring-boot-starter-jdbc-2.3.3.RELEASE.jar:/Users/oenriquez/.m2/raptor2/com/zaxxer/HikariCP/3.4.5/HikariCP-3.4.5.jar:/Users/oenriquez/.m2/raptor2/org/springframework/spring-jdbc/5.2.8.RELEASE/spring-jdbc-5.2.8.RELEASE.jar:/Users/oenriquez/.m2/raptor2/org/springframework/data/spring-data-jdbc/2.0.3.RELEASE/spring-data-jdbc-2.0.3.RELEASE.jar:/Users/oenriquez/.m2/raptor2/org/springframework/data/spring-data-relational/2.0.3.RELEASE/spring-data-relational-2.0.3.RELEASE.jar:/Users/oenriquez/.m2/raptor2/org/springframework/data/spring-data-commons/2.3.3.RELEASE/spring-data-commons-2.3.3.RELEASE.jar:/Users/oenriquez/.m2/raptor2/org/springframework/spring-tx/5.2.8.RELEASE/spring-tx-5.2.8.RELEASE.jar:/Users/oenriquez/.m2/raptor2/org/springframework/spring-context/5.2.8.RELEASE/spring-context-5.2.8.RELEASE.jar:/Users/oenriquez/.m2/raptor2/org/springframework/spring-beans/5.2.8.RELEASE/spring-beans-5.2.8.RELEASE.jar:/Users/oenriquez/.m2/raptor2/org/springframework/boot/spring-boot-starter-data-jpa/2.3.3.RELEASE/spring-boot-starter-data-jpa-2.3.3.RELEASE.jar:/Users/oenriquez/.m2/raptor2/org/springframework/boot/spring-boot-starter-aop/2.3.3.RELEASE/spring-boot-starter-aop-2.3.3.RELEASE.jar:/Users/oenriquez/.m2/raptor2/org/springframework/spring-aop/5.2.8.RELEASE/spring-aop-5.2.8.RELEASE.jar:/Users/oenriquez/.m2/raptor2/org/aspectj/aspectjweaver/1.9.6/aspectjweaver-1.9.6.jar:/Users/oenriquez/.m2/raptor2/jakarta/transaction/jakarta.transaction-api/1.3.3/jakarta.transaction-api-1.3.3.jar:/Users/oenriquez/.m2/raptor2/jakarta/persistence/jakarta.persistence-api/2.2.3/jakarta.persistence-api-2.2.3.jar:/Users/oenriquez/.m2/raptor2/org/hibernate/hibernate-core/5.4.20.Final/hibernate-core-5.4.20.Final.jar:/Users/oenriquez/.m2/raptor2/org/jboss/logging/jboss-logging/3.4.1.Final/jboss-logging-3.4.1.Final.jar:/Users/oenriquez/.m2/raptor2/net/bytebuddy/byte-buddy/1.10.14/byte-buddy-1.10.14.jar:/Users/oenriquez/.m2/raptor2/antlr/antlr/2.7.7/antlr-2.7.7.jar:/Users/oenriquez/.m2/raptor2/org/jboss/jandex/2.1.3.Final/jandex-2.1.3.Final.jar:/Users/oenriquez/.m2/raptor2/com/fasterxml/classmate/1.5.1/classmate-1.5.1.jar:/Users/oenriquez/.m2/raptor2/org/dom4j/dom4j/2.1.3/dom4j-2.1.3.jar:/Users/oenriquez/.m2/raptor2/org/hibernate/common/hibernate-commons-annotations/5.1.0.Final/hibernate-commons-annotations-5.1.0.Final.jar:/Users/oenriquez/.m2/raptor2/org/glassfish/jaxb/jaxb-runtime/2.3.3/jaxb-runtime-2.3.3.jar:/Users/oenriquez/.m2/raptor2/org/glassfish/jaxb/txw2/2.3.3/txw2-2.3.3.jar:/Users/oenriquez/.m2/raptor2/com/sun/istack/istack-commons-runtime/3.0.11/istack-commons-runtime-3.0.11.jar:/Users/oenriquez/.m2/raptor2/com/sun/activation/jakarta.activation/1.2.2/jakarta.activation-1.2.2.jar:/Users/oenriquez/.m2/raptor2/org/springframework/data/spring-data-jpa/2.3.3.RELEASE/spring-data-jpa-2.3.3.RELEASE.jar:/Users/oenriquez/.m2/raptor2/org/springframework/spring-orm/5.2.8.RELEASE/spring-orm-5.2.8.RELEASE.jar:/Users/oenriquez/.m2/raptor2/org/springframework/spring-aspects/5.2.8.RELEASE/spring-aspects-5.2.8.RELEASE.jar:/Users/oenriquez/.m2/raptor2/org/springframework/boot/spring-boot-starter-web/2.3.3.RELEASE/spring-boot-starter-web-2.3.3.RELEASE.jar:/Users/oenriquez/.m2/raptor2/org/springframework/boot/spring-boot-starter/2.3.3.RELEASE/spring-boot-starter-2.3.3.RELEASE.jar:/Users/oenriquez/.m2/raptor2/org/springframework/boot/spring-boot/2.3.3.RELEASE/spring-boot-2.3.3.RELEASE.jar:/Users/oenriquez/.m2/raptor2/org/springframework/boot/spring-boot-autoconfigure/2.3.3.RELEASE/spring-boot-autoconfigure-2.3.3.RELEASE.jar:/Users/oenriquez/.m2/raptor2/org/springframework/boot/spring-boot-starter-logging/2.3.3.RELEASE/spring-boot-starter-logging-2.3.3.RELEASE.jar:/Users/oenriquez/.m2/raptor2/ch/qos/logback/logback-classic/1.2.3/logback-classic-1.2.3.jar:/Users/oenriquez/.m2/raptor2/ch/qos/logback/logback-core/1.2.3/logback-core-1.2.3.jar:/Users/oenriquez/.m2/raptor2/org/apache/logging/log4j/log4j-to-slf4j/2.13.3/log4j-to-slf4j-2.13.3.jar:/Users/oenriquez/.m2/raptor2/org/apache/logging/log4j/log4j-api/2.13.3/log4j-api-2.13.3.jar:/Users/oenriquez/.m2/raptor2/org/slf4j/jul-to-slf4j/1.7.30/jul-to-slf4j-1.7.30.jar:/Users/oenriquez/.m2/raptor2/jakarta/annotation/jakarta.annotation-api/1.3.5/jakarta.annotation-api-1.3.5.jar:/Users/oenriquez/.m2/raptor2/org/yaml/snakeyaml/1.26/snakeyaml-1.26.jar:/Users/oenriquez/.m2/raptor2/org/springframework/boot/spring-boot-starter-json/2.3.3.RELEASE/spring-boot-starter-json-2.3.3.RELEASE.jar:/Users/oenriquez/.m2/raptor2/com/fasterxml/jackson/core/jackson-databind/2.11.2/jackson-databind-2.11.2.jar:/Users/oenriquez/.m2/raptor2/com/fasterxml/jackson/core/jackson-annotations/2.11.2/jackson-annotations-2.11.2.jar:/Users/oenriquez/.m2/raptor2/com/fasterxml/jackson/core/jackson-core/2.11.2/jackson-core-2.11.2.jar:/Users/oenriquez/.m2/raptor2/com/fasterxml/jackson/datatype/jackson-datatype-jdk8/2.11.2/jackson-datatype-jdk8-2.11.2.jar:/Users/oenriquez/.m2/raptor2/com/fasterxml/jackson/datatype/jackson-datatype-jsr310/2.11.2/jackson-datatype-jsr310-2.11.2.jar:/Users/oenriquez/.m2/raptor2/com/fasterxml/jackson/module/jackson-module-parameter-names/2.11.2/jackson-module-parameter-names-2.11.2.jar:/Users/oenriquez/.m2/raptor2/org/springframework/boot/spring-boot-starter-tomcat/2.3.3.RELEASE/spring-boot-starter-tomcat-2.3.3.RELEASE.jar:/Users/oenriquez/.m2/raptor2/org/apache/tomcat/embed/tomcat-embed-core/9.0.37/tomcat-embed-core-9.0.37.jar:/Users/oenriquez/.m2/raptor2/org/glassfish/jakarta.el/3.0.3/jakarta.el-3.0.3.jar:/Users/oenriquez/.m2/raptor2/org/apache/tomcat/embed/tomcat-embed-websocket/9.0.37/tomcat-embed-websocket-9.0.37.jar:/Users/oenriquez/.m2/raptor2/org/springframework/spring-web/5.2.8.RELEASE/spring-web-5.2.8.RELEASE.jar:/Users/oenriquez/.m2/raptor2/org/springframework/spring-webmvc/5.2.8.RELEASE/spring-webmvc-5.2.8.RELEASE.jar:/Users/oenriquez/.m2/raptor2/org/springframework/spring-expression/5.2.8.RELEASE/spring-expression-5.2.8.RELEASE.jar:/Users/oenriquez/.m2/raptor2/mysql/mysql-connector-java/8.0.21/mysql-connector-java-8.0.21.jar:/Users/oenriquez/.m2/raptor2/com/google/guava/guava/28.1-jre/guava-28.1-jre.jar:/Users/oenriquez/.m2/raptor2/com/google/guava/failureaccess/1.0.1/failureaccess-1.0.1.jar:/Users/oenriquez/.m2/raptor2/com/google/guava/listenablefuture/9999.0-empty-to-avoid-conflict-with-guava/listenablefuture-9999.0-empty-to-avoid-conflict-with-guava.jar:/Users/oenriquez/.m2/raptor2/com/google/code/findbugs/jsr305/3.0.2/jsr305-3.0.2.jar:/Users/oenriquez/.m2/raptor2/org/checkerframework/checker-qual/2.8.1/checker-qual-2.8.1.jar:/Users/oenriquez/.m2/raptor2/com/google/errorprone/error_prone_annotations/2.3.2/error_prone_annotations-2.3.2.jar:/Users/oenriquez/.m2/raptor2/com/google/j2objc/j2objc-annotations/1.3/j2objc-annotations-1.3.jar:/Users/oenriquez/.m2/raptor2/org/codehaus/mojo/animal-sniffer-annotations/1.18/animal-sniffer-annotations-1.18.jar:/Users/oenriquez/.m2/raptor2/org/springframework/boot/spring-boot-starter-test/2.3.3.RELEASE/spring-boot-starter-test-2.3.3.RELEASE.jar:/Users/oenriquez/.m2/raptor2/org/springframework/boot/spring-boot-test/2.3.3.RELEASE/spring-boot-test-2.3.3.RELEASE.jar:/Users/oenriquez/.m2/raptor2/org/springframework/boot/spring-boot-test-autoconfigure/2.3.3.RELEASE/spring-boot-test-autoconfigure-2.3.3.RELEASE.jar:/Users/oenriquez/.m2/raptor2/com/jayway/jsonpath/json-path/2.4.0/json-path-2.4.0.jar:/Users/oenriquez/.m2/raptor2/net/minidev/json-smart/2.3/json-smart-2.3.jar:/Users/oenriquez/.m2/raptor2/net/minidev/accessors-smart/1.2/accessors-smart-1.2.jar:/Users/oenriquez/.m2/raptor2/org/ow2/asm/asm/5.0.4/asm-5.0.4.jar:/Users/oenriquez/.m2/raptor2/jakarta/xml/bind/jakarta.xml.bind-api/2.3.3/jakarta.xml.bind-api-2.3.3.jar:/Users/oenriquez/.m2/raptor2/jakarta/activation/jakarta.activation-api/1.2.2/jakarta.activation-api-1.2.2.jar:/Users/oenriquez/.m2/raptor2/org/assertj/assertj-core/3.16.1/assertj-core-3.16.1.jar:/Users/oenriquez/.m2/raptor2/org/hamcrest/hamcrest/2.2/hamcrest-2.2.jar:/Users/oenriquez/.m2/raptor2/org/junit/jupiter/junit-jupiter/5.6.2/junit-jupiter-5.6.2.jar:/Users/oenriquez/.m2/raptor2/org/junit/jupiter/junit-jupiter-api/5.6.2/junit-jupiter-api-5.6.2.jar:/Users/oenriquez/.m2/raptor2/org/opentest4j/opentest4j/1.2.0/opentest4j-1.2.0.jar:/Users/oenriquez/.m2/raptor2/org/junit/platform/junit-platform-commons/1.6.2/junit-platform-commons-1.6.2.jar:/Users/oenriquez/.m2/raptor2/org/junit/jupiter/junit-jupiter-params/5.6.2/junit-jupiter-params-5.6.2.jar:/Users/oenriquez/.m2/raptor2/org/junit/jupiter/junit-jupiter-engine/5.6.2/junit-jupiter-engine-5.6.2.jar:/Users/oenriquez/.m2/raptor2/org/junit/vintage/junit-vintage-engine/5.6.2/junit-vintage-engine-5.6.2.jar:/Users/oenriquez/.m2/raptor2/org/apiguardian/apiguardian-api/1.1.0/apiguardian-api-1.1.0.jar:/Users/oenriquez/.m2/raptor2/org/junit/platform/junit-platform-engine/1.6.2/junit-platform-engine-1.6.2.jar:/Users/oenriquez/.m2/raptor2/junit/junit/4.13/junit-4.13.jar:/Users/oenriquez/.m2/raptor2/org/mockito/mockito-core/3.3.3/mockito-core-3.3.3.jar:/Users/oenriquez/.m2/raptor2/net/bytebuddy/byte-buddy-agent/1.10.14/byte-buddy-agent-1.10.14.jar:/Users/oenriquez/.m2/raptor2/org/objenesis/objenesis/2.6/objenesis-2.6.jar:/Users/oenriquez/.m2/raptor2/org/mockito/mockito-junit-jupiter/3.3.3/mockito-junit-jupiter-3.3.3.jar:/Users/oenriquez/.m2/raptor2/org/skyscreamer/jsonassert/1.5.0/jsonassert-1.5.0.jar:/Users/oenriquez/.m2/raptor2/com/vaadin/external/google/android-json/0.0.20131108.vaadin1/android-json-0.0.20131108.vaadin1.jar:/Users/oenriquez/.m2/raptor2/org/springframework/spring-core/5.2.8.RELEASE/spring-core-5.2.8.RELEASE.jar:/Users/oenriquez/.m2/raptor2/org/springframework/spring-jcl/5.2.8.RELEASE/spring-jcl-5.2.8.RELEASE.jar:/Users/oenriquez/.m2/raptor2/org/springframework/spring-test/5.2.8.RELEASE/spring-test-5.2.8.RELEASE.jar:/Users/oenriquez/.m2/raptor2/org/xmlunit/xmlunit-core/2.7.0/xmlunit-core-2.7.0.jar:/Users/oenriquez/.m2/raptor2/com/h2database/h2/1.4.200/h2-1.4.200.jar:/Users/oenriquez/.m2/raptor2/ma/glasnost/orika/orika-core/1.4.6/orika-core-1.4.6.jar:/Users/oenriquez/.m2/raptor2/org/javassist/javassist/3.19.0-GA/javassist-3.19.0-GA.jar:/Users/oenriquez/.m2/raptor2/com/thoughtworks/paranamer/paranamer/2.7/paranamer-2.7.jar:/Users/oenriquez/.m2/raptor2/org/slf4j/slf4j-api/1.7.30/slf4j-api-1.7.30.jar:/Users/oenriquez/.m2/raptor2/com/googlecode/concurrentlinkedhashmap/concurrentlinkedhashmap-lru/1.2_jdk5/concurrentlinkedhashmap-lru-1.2_jdk5.jar:/Users/oenriquez/.m2/raptor2/com/carrotsearch/java-sizeof/0.0.4/java-sizeof-0.0.4.jar:"/>
    <property name="sun.cpu.endian" value="little"/>
    <property name="user.home" value="/Users/oenriquez"/>
    <property name="user.language" value="en"/>
    <property name="java.specification.vendor" value="Oracle Corporation"/>
    <property name="java.version.date" value="2020-07-14"/>
    <property name="java.home" value="/Users/oenriquez/.sdkman/candidates/java/11.0.8-amzn"/>
    <property name="file.separator" value="/"/>
    <property name="basedir" value="/Users/oenriquez/Workspace/udacity/java/critter"/>
    <property name="java.vm.compressedOopsMode" value="Zero based"/>
    <property name="line.separator" value="&#10;"/>
    <property name="java.specification.name" value="Java Platform API Specification"/>
    <property name="java.vm.specification.vendor" value="Oracle Corporation"/>
    <property name="java.awt.graphicsenv" value="sun.awt.CGraphicsEnvironment"/>
    <property name="surefire.real.class.path" value="/Users/oenriquez/Workspace/udacity/java/critter/target/surefire/surefirebooter13210317762864905345.jar"/>
    <property name="sun.management.compiler" value="HotSpot 64-Bit Tiered Compilers"/>
    <property name="java.runtime.version" value="11.0.8+10-LTS"/>
    <property name="user.name" value="oenriquez"/>
    <property name="path.separator" value=":"/>
    <property name="os.version" value="10.15.6"/>
    <property name="java.runtime.name" value="OpenJDK Runtime Environment"/>
    <property name="file.encoding" value="UTF-8"/>
    <property name="java.vm.name" value="OpenJDK 64-Bit Server VM"/>
    <property name="java.vendor.version" value="Corretto-11.0.8.10.1"/>
    <property name="localRepository" value="/Users/oenriquez/.m2/raptor2"/>
    <property name="java.vendor.url.bug" value="https://github.com/corretto/corretto-11/issues/"/>
    <property name="java.io.tmpdir" value="/var/folders/cl/sjpms0qd56q9q64sgys4hjfw0000gn/T/"/>
    <property name="idea.version" value="2020.2"/>
    <property name="java.version" value="11.0.8"/>
    <property name="user.dir" value="/Users/oenriquez/Workspace/udacity/java/critter"/>
    <property name="os.arch" value="x86_64"/>
    <property name="java.vm.specification.name" value="Java Virtual Machine Specification"/>
    <property name="java.awt.printerjob" value="sun.lwawt.macosx.CPrinterJob"/>
    <property name="sun.os.patch.level" value="unknown"/>
    <property name="java.library.path" value="/Users/oenriquez/Library/Java/Extensions:/Library/Java/Extensions:/Network/Library/Java/Extensions:/System/Library/Java/Extensions:/usr/lib/java:."/>
    <property name="java.vm.info" value="mixed mode"/>
    <property name="java.vendor" value="Amazon.com Inc."/>
    <property name="java.vm.version" value="11.0.8+10-LTS"/>
    <property name="sun.io.unicode.encoding" value="UnicodeBig"/>
    <property name="java.class.version" value="55.0"/>
  </properties>
  <testcase name="testFindOwnerByPet" classname="com.udacity.jdnd.course3.critter.CritterFunctionalTest" time="0.301"/>
  <testcase name="testFindEmployeesByServiceAndTime" classname="com.udacity.jdnd.course3.critter.CritterFunctionalTest" time="0.104"/>
  <testcase name="testAddPetsToCustomer" classname="com.udacity.jdnd.course3.critter.CritterFunctionalTest" time="0.027"/>
  <testcase name="testCreateCustomer" classname="com.udacity.jdnd.course3.critter.CritterFunctionalTest" time="0.012"/>
  <testcase name="testSchedulePetsForServiceWithEmployee" classname="com.udacity.jdnd.course3.critter.CritterFunctionalTest" time="0.036"/>
  <testcase name="testFindPetsByOwner" classname="com.udacity.jdnd.course3.critter.CritterFunctionalTest" time="0.023"/>
  <testcase name="testCreateEmployee" classname="com.udacity.jdnd.course3.critter.CritterFunctionalTest" time="0.014"/>
  <testcase name="testChangeEmployeeAvailability" classname="com.udacity.jdnd.course3.critter.CritterFunctionalTest" time="0.015"/>
  <testcase name="testFindScheduleByEntities" classname="com.udacity.jdnd.course3.critter.CritterFunctionalTest" time="0.08"/>
</testsuite>